<?xml version="1.0" encoding="UTF-8"?>
<!-- Generated by org.testng.reporters.JUnitXMLReporter -->
<testsuite ignored="2" hostname="DESKTOP-R49V28S" failures="0" tests="4" name="Test" time="0.131" errors="0" timestamp="2025-09-15T16:30:23 IST">
  <testcase classname="com.crm.comcast.contacttest.CreateContactTest" name="createContact" time="0.014"/>
  <testcase classname="com.crm.comcast.contacttest.CreateContactTest" name="createContactTestWithDate" time="0.003"/>
  <testcase classname="com.crm.comcast.orgtest.CreateOrgTest" name="createOrgTest" time="0.004"/>
  <testcase classname="com.crm.comcast.orgtest.CreateOrgTest" name="createOrgWithIndustriesTest" time="0.003"/>
  <testcase classname="com.crm.generic.baseutility.BaseClass" name="@AfterSuite configAS" time="0.0">
    <ignored/>
  </testcase> <!-- @AfterSuite configAS -->
  <testcase classname="com.crm.generic.baseutility.BaseClass" name="@BeforeSuite configBeforeSuite" time="0.0">
    <ignored/>
  </testcase> <!-- @BeforeSuite configBeforeSuite -->
</testsuite> <!-- Test -->
